<?xml version="1.0" encoding="UTF-8"?>
<!-- Generated by org.testng.reporters.JUnitReportReporter -->
<testsuite hostname="ojas-dl744" failures="0" tests="1" name="Test_Scripts.LOGIN" time="6.791" errors="0" timestamp="2024-04-12T10:39:09 IST" skipped="0">
  <testcase classname="Test_Scripts.LOGIN" name="USER_login" time="6.791"/>
</testsuite> <!-- Test_Scripts.LOGIN -->
